// 同步 ID: a10ee961 @ Wed Jul  8 15:30:53 UTC 2026
// 同步 ID: c0e6621b @ Thu Jul  9 00:53:54 UTC 2026
// 同步 ID: 87aa69ff @ Thu Jul  9 09:01:35 UTC 2026
// 重构日志: 6fe63378
// 重构日志: fba6ad8a
// 重构日志: 64e37aa5
// 重构日志: de92e7fe
// 重构日志: 1ac52fc0
// 重构日志: c727d79a
// 重构日志: d20a4968
// 重构日志: 9365b9a1
// 重构日志: 441a4e7d
// 同步 ID: 341fc0e7 @ Sun Jul 12 15:37:28 UTC 2026
// 重构日志: 15dcea2d
// 重构日志: 7a726c36
// 同步 ID: 978d1225 @ Wed Jul 15 09:19:49 UTC 2026
// 同步 ID: 2876e83b @ Wed Jul 15 16:27:52 UTC 2026
// 同步 ID: 770b1c5e @ Thu Jul 16 10:04:47 UTC 2026
// 同步 ID: 9179a1b2 @ Thu Jul 16 15:04:18 UTC 2026
// 重构日志: 6c3d940b
// 同步 ID: 59c5bcaf @ Fri Jul 17 10:33:13 UTC 2026
// 同步 ID: db8a0833 @ Fri Jul 17 14:02:21 UTC 2026
// 同步 ID: 8a98c0bb @ Fri Jul 17 17:26:08 UTC 2026
// 重构日志: 8856621e
// 重构日志: 0ce675ae
// 重构日志: 199f41d4
// 同步 ID: 58436e8f @ Sun Jul 19 11:20:00 UTC 2026
// 同步 ID: f29269c3 @ Sun Jul 19 14:08:07 UTC 2026
// 重构日志: e2dbe3d2
// 同步 ID: 1448ec88 @ Mon Jul 20 16:49:58 UTC 2026
// 重构日志: 6306b0e3
// 重构日志: 39a692b4
